#
# A fatal error has been detected by the Java Runtime Environment:
#
#  EXCEPTION_ACCESS_VIOLATION (0xc0000005) at pc=0x000000005eec512b, pid=4540, tid=0x0000000000001828
#
# JRE version: Java(TM) SE Runtime Environment (8.0_131-b11) (build 1.8.0_131-b11)
# Java VM: Java HotSpot(TM) 64-Bit Server VM (25.131-b11 mixed mode windows-amd64 compressed oops)
# Problematic frame:
# V  [jvm.dll+0x11512b]
#
# Failed to write core dump. Minidumps are not enabled by default on client versions of Windows
#
# If you would like to submit a bug report, please visit:
#   http://bugreport.java.com/bugreport/crash.jsp
#

---------------  T H R E A D  ---------------

Current thread (0x00000000021e1000):  GCTaskThread [stack: 0x00000000129a0000,0x0000000012aa0000] [id=6184]

siginfo: ExceptionCode=0xc0000005, reading address 0x0000000000000008

Registers:
RAX=0x0000000013130000, RBX=0x00000007828bd970, RCX=0x0000000000000003, RDX=0x0000000000000001
RSP=0x0000000012a9f380, RBP=0x000000078289d87c, RSI=0x0000000000000002, RDI=0x000000001c12bad0
R8 =0x0000000000000000, R9 =0x0000000000000002, R10=0x000000000000000c, R11=0x00000000000004fb
R12=0x000000078289d884, R13=0x00000007c03cb140, R14=0x00000007c03cb148, R15=0x000000078289d860
RIP=0x000000005eec512b, EFLAGS=0x0000000000010246

Top of Stack: (sp=0x0000000012a9f380)
0x0000000012a9f380:   000000078289d928 000000078289d878
0x0000000012a9f390:   0000000000000002 000000001c12bad0
0x0000000012a9f3a0:   0000000000000000 00000000000003d8
0x0000000012a9f3b0:   00000000021e1948 00000000021de3f0
0x0000000012a9f3c0:   00000000000004f9 000000005f1a8160
0x0000000012a9f3d0:   000000001c462818 000000001c0b5500
0x0000000012a9f3e0:   000000001c12bad0 00000000021e1570
0x0000000012a9f3f0:   00003c9d00000474 0000000000000c00
0x0000000012a9f400:   0000000000000000 0000000000000000
0x0000000012a9f410:   0000000000000000 0000000024027800
0x0000000012a9f420:   00000000021e1501 00000000021e1501
0x0000000012a9f430:   000054a376eef021 00000000021e1948
0x0000000012a9f440:   00000000021e1570 00000000000003d8
0x0000000012a9f450:   00000000021e1570 00000000021de3f0
0x0000000012a9f460:   00000000021e1560 000000001c0b5500
0x0000000012a9f470:   000000001c12bad0 000000005f1a51e3 

Instructions: (pc=0x000000005eec512b)
0x000000005eec510b:   6f 00 84 d2 74 16 44 8b 43 08 8b 0d 8d b6 68 00
0x000000005eec511b:   49 d3 e0 4c 03 05 7b b6 68 00 eb 04 4c 8b 43 08
0x000000005eec512b:   45 8b 48 08 45 85 c9 7e 0c 41 f6 c1 01 75 4b 41
0x000000005eec513b:   c1 f9 03 eb 57 79 43 84 d2 41 8b c9 b8 10 00 00 


Register to memory mapping:

RAX=0x0000000013130000 is an unknown value
RBX=0x00000007828bd970 is an unknown value
RCX=0x0000000000000003 is an unknown value
RDX=0x0000000000000001 is an unknown value
RSP=0x0000000012a9f380 is an unknown value
RBP=0x000000078289d87c is an unknown value
RSI=0x0000000000000002 is an unknown value
RDI=0x000000001c12bad0 is an unknown value
R8 =0x0000000000000000 is an unknown value
R9 =0x0000000000000002 is an unknown value
R10=0x000000000000000c is an unknown value
R11=0x00000000000004fb is an unknown value
R12=0x000000078289d884 is an unknown value
R13=0x00000007c03cb140 is pointing into metadata
R14=0x00000007c03cb148 is pointing into metadata
R15=0x000000078289d860 is an oop
org.springframework.beans.factory.annotation.InitDestroyAnnotationBeanPostProcessor$LifecycleMetadata 
 - klass: 'org/springframework/beans/factory/annotation/InitDestroyAnnotationBeanPostProcessor$LifecycleMetadata'


Stack: [0x00000000129a0000,0x0000000012aa0000],  sp=0x0000000012a9f380,  free space=1020k
Native frames: (J=compiled Java code, j=interpreted, Vv=VM code, C=native code)
V  [jvm.dll+0x11512b]
V  [jvm.dll+0x3f8160]
V  [jvm.dll+0x3f51e3]
V  [jvm.dll+0x3f302e]
V  [jvm.dll+0x29cc1a]
C  [msvcr100.dll+0x21d9f]
C  [msvcr100.dll+0x21e3b]
C  [kernel32.dll+0x1652d]
C  [ntdll.dll+0x2c541]


---------------  P R O C E S S  ---------------

Java Threads: ( => current thread )
  0x0000000024024800 JavaThread "localhost-startStop-2" daemon [_thread_blocked, id=12004, stack(0x00000000278f0000,0x00000000279f0000)]
  0x0000000024029000 JavaThread "Tomcat-startStop-2" daemon [_thread_blocked, id=9948, stack(0x000000001fbc0000,0x000000001fcc0000)]
  0x0000000024027800 JavaThread "Thread-10" [_thread_blocked, id=11624, stack(0x0000000020520000,0x0000000020620000)]
  0x0000000021eef800 JavaThread "http-nio-8090-AsyncTimeout" daemon [_thread_blocked, id=9664, stack(0x000000002b770000,0x000000002b870000)]
  0x000000001f472000 JavaThread "DestroyJavaVM" [_thread_blocked, id=8884, stack(0x00000000022e0000,0x00000000023e0000)]
  0x0000000024026000 JavaThread "Live Reload Server" daemon [_thread_in_native, id=2072, stack(0x0000000028c10000,0x0000000028d10000)]
  0x000000001f22c000 JavaThread "Abandoned connection cleanup thread" daemon [_thread_blocked, id=12144, stack(0x0000000025030000,0x0000000025130000)]
  0x000000001d637000 JavaThread "Service Thread" daemon [_thread_blocked, id=6824, stack(0x000000001df10000,0x000000001e010000)]
  0x000000001d631000 JavaThread "C1 CompilerThread2" daemon [_thread_blocked, id=11216, stack(0x000000001ddb0000,0x000000001deb0000)]
  0x000000001d630800 JavaThread "C2 CompilerThread1" daemon [_thread_blocked, id=11212, stack(0x000000001d3c0000,0x000000001d4c0000)]
  0x000000001d5d7000 JavaThread "C2 CompilerThread0" daemon [_thread_blocked, id=11248, stack(0x000000001d180000,0x000000001d280000)]
  0x000000001d5d4000 JavaThread "Attach Listener" daemon [_thread_blocked, id=10876, stack(0x000000001dc00000,0x000000001dd00000)]
  0x000000001d5d2800 JavaThread "Signal Dispatcher" daemon [_thread_blocked, id=11240, stack(0x000000001da20000,0x000000001db20000)]
  0x000000001c21f000 JavaThread "Finalizer" daemon [_thread_blocked, id=9704, stack(0x000000001d4d0000,0x000000001d5d0000)]
  0x000000001c1d7800 JavaThread "Reference Handler" daemon [_thread_blocked, id=11244, stack(0x000000001d2a0000,0x000000001d3a0000)]

Other Threads:
  0x000000001c1d0000 VMThread [stack: 0x000000001d030000,0x000000001d130000] [id=5508]
  0x000000001d664000 WatcherThread [stack: 0x000000001cf00000,0x000000001d000000] [id=11228]

=>0x00000000021e1000 (exited) GCTaskThread [stack: 0x00000000129a0000,0x0000000012aa0000] [id=6184]

VM state:at safepoint (normal execution)

VM Mutex/Monitor currently owned by a thread:  ([mutex/lock_event])
[0x00000000021c9900] Threads_lock - owner thread: 0x000000001c1d0000
[0x00000000021c9e00] Heap_lock - owner thread: 0x0000000024027800

Heap:
 PSYoungGen      total 367104K, used 11895K [0x000000076b500000, 0x0000000783700000, 0x00000007c0000000)
  eden space 348160K, 0% used [0x000000076b500000,0x000000076b500000,0x0000000780900000)
  from space 18944K, 62% used [0x0000000782480000,0x000000078301de90,0x0000000783700000)
  to   space 23552K, 0% used [0x0000000780900000,0x0000000780900000,0x0000000782000000)
 ParOldGen       total 228864K, used 28136K [0x00000006c1e00000, 0x00000006cfd80000, 0x000000076b500000)
  object space 228864K, 12% used [0x00000006c1e00000,0x00000006c397a088,0x00000006cfd80000)
 Metaspace       used 64392K, capacity 67472K, committed 67624K, reserved 1107968K
  class space    used 8438K, capacity 8945K, committed 9008K, reserved 1048576K

Card table byte_map: [0x0000000011b40000,0x0000000012340000] byte_map_base: 0x000000000e531000

Marking Bits: (ParMarkBitMap*) 0x000000005f5cc720
 Begin Bits: [0x0000000013130000, 0x00000000170b8000)
 End Bits:   [0x00000000170b8000, 0x000000001b040000)

Polling page: 0x0000000000130000

CodeCache: size=245760Kb used=25552Kb max_used=25572Kb free=220207Kb
 bounds [0x0000000002780000, 0x00000000040b0000, 0x0000000011780000]
 total_blobs=8364 nmethods=7777 adapters=498
 compilation: enabled

Compilation events (10 events):
Event: 20118.811 Thread 0x000000001d631000 nmethod 9115 0x0000000002fa5e10 code [0x0000000002fa5fa0, 0x0000000002fa64d0]
Event: 20118.812 Thread 0x000000001d631000 9116       1       java.net.NetworkInterface::access$000 (5 bytes)
Event: 20118.812 Thread 0x000000001d631000 nmethod 9116 0x00000000036366d0 code [0x0000000003636820, 0x0000000003636910]
Event: 20118.814 Thread 0x000000001d631000 9117       1       org.apache.tomcat.util.collections.ManagedConcurrentWeakHashMap$Key::hashCode (5 bytes)
Event: 20118.815 Thread 0x000000001d631000 nmethod 9117 0x000000000301d810 code [0x000000000301d960, 0x000000000301da70]
Event: 20118.820 Thread 0x000000001d631000 9118       1       org.apache.catalina.ContainerEvent::getType (5 bytes)
Event: 20118.821 Thread 0x000000001d631000 nmethod 9118 0x0000000002d4be50 code [0x0000000002d4bfa0, 0x0000000002d4c0b0]
Event: 20118.839 Thread 0x000000001d5d7000 9119       4       sun.nio.ch.WindowsSelectorImpl$StartLock::access$300 (5 bytes)
Event: 20118.840 Thread 0x000000001d5d7000 nmethod 9119 0x0000000003056010 code [0x0000000003056160, 0x0000000003056428]
Event: 20118.863 Thread 0x000000001d631000 9120       3       com.sun.jmx.interceptor.DefaultMBeanServerInterceptor::nonDefaultDomain (43 bytes)

GC Heap History (10 events):
Event: 16289.028 GC heap after
Heap after GC invocations=16 (full 3):
 PSYoungGen      total 336384K, used 4000K [0x000000076b500000, 0x0000000784080000, 0x00000007c0000000)
  eden space 313344K, 0% used [0x000000076b500000,0x000000076b500000,0x000000077e700000)
  from space 23040K, 17% used [0x000000077e700000,0x000000077eae82d0,0x000000077fd80000)
  to   space 22528K, 0% used [0x0000000782a80000,0x0000000782a80000,0x0000000784080000)
 ParOldGen       total 228864K, used 38026K [0x00000006c1e00000, 0x00000006cfd80000, 0x000000076b500000)
  object space 228864K, 16% used [0x00000006c1e00000,0x00000006c4322860,0x00000006cfd80000)
 Metaspace       used 60926K, capacity 63544K, committed 63656K, reserved 1103872K
  class space    used 8105K, capacity 8581K, committed 8624K, reserved 1048576K
}
Event: 17975.903 GC heap before
{Heap before GC invocations=17 (full 3):
 PSYoungGen      total 336384K, used 127140K [0x000000076b500000, 0x0000000784080000, 0x00000007c0000000)
  eden space 313344K, 39% used [0x000000076b500000,0x0000000772d40e28,0x000000077e700000)
  from space 23040K, 17% used [0x000000077e700000,0x000000077eae82d0,0x000000077fd80000)
  to   space 22528K, 0% used [0x0000000782a80000,0x0000000782a80000,0x0000000784080000)
 ParOldGen       total 228864K, used 38026K [0x00000006c1e00000, 0x00000006cfd80000, 0x000000076b500000)
  object space 228864K, 16% used [0x00000006c1e00000,0x00000006c4322860,0x00000006cfd80000)
 Metaspace       used 61310K, capacity 63998K, committed 64168K, reserved 1105920K
  class space    used 8136K, capacity 8615K, committed 8624K, reserved 1048576K
Event: 17975.928 GC heap after
Heap after GC invocations=17 (full 3):
 PSYoungGen      total 382464K, used 2720K [0x000000076b500000, 0x0000000784080000, 0x00000007c0000000)
  eden space 359936K, 0% used [0x000000076b500000,0x000000076b500000,0x0000000781480000)
  from space 22528K, 12% used [0x0000000782a80000,0x0000000782d28150,0x0000000784080000)
  to   space 22528K, 0% used [0x0000000781480000,0x0000000781480000,0x0000000782a80000)
 ParOldGen       total 228864K, used 38034K [0x00000006c1e00000, 0x00000006cfd80000, 0x000000076b500000)
  object space 228864K, 16% used [0x00000006c1e00000,0x00000006c4324860,0x00000006cfd80000)
 Metaspace       used 61310K, capacity 63998K, committed 64168K, reserved 1105920K
  class space    used 8136K, capacity 8615K, committed 8624K, reserved 1048576K
}
Event: 17975.928 GC heap before
{Heap before GC invocations=18 (full 4):
 PSYoungGen      total 382464K, used 2720K [0x000000076b500000, 0x0000000784080000, 0x00000007c0000000)
  eden space 359936K, 0% used [0x000000076b500000,0x000000076b500000,0x0000000781480000)
  from space 22528K, 12% used [0x0000000782a80000,0x0000000782d28150,0x0000000784080000)
  to   space 22528K, 0% used [0x0000000781480000,0x0000000781480000,0x0000000782a80000)
 ParOldGen       total 228864K, used 38034K [0x00000006c1e00000, 0x00000006cfd80000, 0x000000076b500000)
  object space 228864K, 16% used [0x00000006c1e00000,0x00000006c4324860,0x00000006cfd80000)
 Metaspace       used 61310K, capacity 63998K, committed 64168K, reserved 1105920K
  class space    used 8136K, capacity 8615K, committed 8624K, reserved 1048576K
Event: 17976.071 GC heap after
Heap after GC invocations=18 (full 4):
 PSYoungGen      total 382464K, used 0K [0x000000076b500000, 0x0000000784080000, 0x00000007c0000000)
  eden space 359936K, 0% used [0x000000076b500000,0x000000076b500000,0x0000000781480000)
  from space 22528K, 0% used [0x0000000782a80000,0x0000000782a80000,0x0000000784080000)
  to   space 22528K, 0% used [0x0000000781480000,0x0000000781480000,0x0000000782a80000)
 ParOldGen       total 228864K, used 28120K [0x00000006c1e00000, 0x00000006cfd80000, 0x000000076b500000)
  object space 228864K, 12% used [0x00000006c1e00000,0x00000006c3976088,0x00000006cfd80000)
 Metaspace       used 61094K, capacity 63660K, committed 64168K, reserved 1105920K
  class space    used 8102K, capacity 8554K, committed 8624K, reserved 1048576K
}
Event: 18812.130 GC heap before
{Heap before GC invocations=19 (full 4):
 PSYoungGen      total 382464K, used 359936K [0x000000076b500000, 0x0000000784080000, 0x00000007c0000000)
  eden space 359936K, 100% used [0x000000076b500000,0x0000000781480000,0x0000000781480000)
  from space 22528K, 0% used [0x0000000782a80000,0x0000000782a80000,0x0000000784080000)
  to   space 22528K, 0% used [0x0000000781480000,0x0000000781480000,0x0000000782a80000)
 ParOldGen       total 228864K, used 28120K [0x00000006c1e00000, 0x00000006cfd80000, 0x000000076b500000)
  object space 228864K, 12% used [0x00000006c1e00000,0x00000006c3976088,0x00000006cfd80000)
 Metaspace       used 63415K, capacity 66334K, committed 66472K, reserved 1107968K
  class space    used 8331K, capacity 8823K, committed 8880K, reserved 1048576K
Event: 18812.156 GC heap after
Heap after GC invocations=19 (full 4):
 PSYoungGen      total 364544K, used 16309K [0x000000076b500000, 0x0000000783800000, 0x00000007c0000000)
  eden space 348160K, 0% used [0x000000076b500000,0x000000076b500000,0x0000000780900000)
  from space 16384K, 99% used [0x0000000781480000,0x000000078246d5c0,0x0000000782480000)
  to   space 19968K, 0% used [0x0000000782480000,0x0000000782480000,0x0000000783800000)
 ParOldGen       total 228864K, used 28128K [0x00000006c1e00000, 0x00000006cfd80000, 0x000000076b500000)
  object space 228864K, 12% used [0x00000006c1e00000,0x00000006c3978088,0x00000006cfd80000)
 Metaspace       used 63415K, capacity 66334K, committed 66472K, reserved 1107968K
  class space    used 8331K, capacity 8823K, committed 8880K, reserved 1048576K
}
Event: 20118.864 GC heap before
{Heap before GC invocations=20 (full 4):
 PSYoungGen      total 364544K, used 172015K [0x000000076b500000, 0x0000000783800000, 0x00000007c0000000)
  eden space 348160K, 44% used [0x000000076b500000,0x0000000774d0e9a8,0x0000000780900000)
  from space 16384K, 99% used [0x0000000781480000,0x000000078246d5c0,0x0000000782480000)
  to   space 19968K, 0% used [0x0000000782480000,0x0000000782480000,0x0000000783800000)
 ParOldGen       total 228864K, used 28128K [0x00000006c1e00000, 0x00000006cfd80000, 0x000000076b500000)
  object space 228864K, 12% used [0x00000006c1e00000,0x00000006c3978088,0x00000006cfd80000)
 Metaspace       used 64392K, capacity 67472K, committed 67624K, reserved 1107968K
  class space    used 8438K, capacity 8945K, committed 9008K, reserved 1048576K
Event: 20118.891 GC heap after
Heap after GC invocations=20 (full 4):
 PSYoungGen      total 367104K, used 11895K [0x000000076b500000, 0x0000000783700000, 0x00000007c0000000)
  eden space 348160K, 0% used [0x000000076b500000,0x000000076b500000,0x0000000780900000)
  from space 18944K, 62% used [0x0000000782480000,0x000000078301de90,0x0000000783700000)
  to   space 23552K, 0% used [0x0000000780900000,0x0000000780900000,0x0000000782000000)
 ParOldGen       total 228864K, used 28136K [0x00000006c1e00000, 0x00000006cfd80000, 0x000000076b500000)
  object space 228864K, 12% used [0x00000006c1e00000,0x00000006c397a088,0x00000006cfd80000)
 Metaspace       used 64392K, capacity 67472K, committed 67624K, reserved 1107968K
  class space    used 8438K, capacity 8945K, committed 9008K, reserved 1048576K
}
Event: 20118.891 GC heap before
{Heap before GC invocations=21 (full 5):
 PSYoungGen      total 367104K, used 11895K [0x000000076b500000, 0x0000000783700000, 0x00000007c0000000)
  eden space 348160K, 0% used [0x000000076b500000,0x000000076b500000,0x0000000780900000)
  from space 18944K, 62% used [0x0000000782480000,0x000000078301de90,0x0000000783700000)
  to   space 23552K, 0% used [0x0000000780900000,0x0000000780900000,0x0000000782000000)
 ParOldGen       total 228864K, used 28136K [0x00000006c1e00000, 0x00000006cfd80000, 0x000000076b500000)
  object space 228864K, 12% used [0x00000006c1e00000,0x00000006c397a088,0x00000006cfd80000)
 Metaspace       used 64392K, capacity 67472K, committed 67624K, reserved 1107968K
  class space    used 8438K, capacity 8945K, committed 9008K, reserved 1048576K

Deoptimization events (10 events):
Event: 18207.763 Thread 0x000000001f472800 Uncommon trap: reason=unstable_if action=reinterpret pc=0x00000000031f3aec method=java.util.concurrent.locks.AbstractQueuedSynchronizer.doReleaseShared()V @ 6
Event: 18812.157 Thread 0x000000001c21f000 Uncommon trap: reason=unstable_if action=reinterpret pc=0x000000000354205c method=java.util.WeakHashMap.remove(Ljava/lang/Object;)Ljava/lang/Object; @ 67
Event: 18815.909 Thread 0x0000000021eec800 Uncommon trap: reason=unstable_if action=reinterpret pc=0x00000000032e0de8 method=java.nio.Buffer.<init>(IIII)V @ 66
Event: 19127.686 Thread 0x000000001f478800 Uncommon trap: reason=class_check action=maybe_recompile pc=0x000000000400ff14 method=java.util.stream.AbstractPipeline.wrapAndCopyInto(Ljava/util/stream/Sink;Ljava/util/Spliterator;)Ljava/util/stream/Sink; @ 6
Event: 19127.697 Thread 0x000000001f475000 Uncommon trap: reason=class_check action=maybe_recompile pc=0x000000000400ff14 method=java.util.stream.AbstractPipeline.wrapAndCopyInto(Ljava/util/stream/Sink;Ljava/util/Spliterator;)Ljava/util/stream/Sink; @ 6
Event: 19136.145 Thread 0x000000001f476800 Uncommon trap: reason=class_check action=maybe_recompile pc=0x000000000400ff14 method=java.util.stream.AbstractPipeline.wrapAndCopyInto(Ljava/util/stream/Sink;Ljava/util/Spliterator;)Ljava/util/stream/Sink; @ 6
Event: 19136.167 Thread 0x0000000021eeb000 Uncommon trap: reason=class_check action=maybe_recompile pc=0x000000000400ff14 method=java.util.stream.AbstractPipeline.wrapAndCopyInto(Ljava/util/stream/Sink;Ljava/util/Spliterator;)Ljava/util/stream/Sink; @ 6
Event: 20025.770 Thread 0x000000001f475000 Uncommon trap: reason=unstable_if action=reinterpret pc=0x0000000002a7d77c method=java.lang.CharacterDataLatin1.isWhitespace(I)Z @ 14
Event: 20118.750 Thread 0x0000000024024800 Uncommon trap: reason=unstable_if action=reinterpret pc=0x00000000038e6230 method=org.springframework.boot.devtools.filewatch.FileSnapshot.equals(Ljava/lang/Object;)Z @ 71
Event: 20118.760 Thread 0x0000000024027800 Uncommon trap: reason=class_check action=maybe_recompile pc=0x0000000003d6458c method=java.util.HashMap.removeNode(ILjava/lang/Object;Ljava/lang/Object;ZZ)Ljava/util/HashMap$Node; @ 143

Internal exceptions (10 events):
Event: 17977.925 Thread 0x0000000024025000 Exception <a 'java/lang/reflect/InvocationTargetException'> (0x00000007761cc4c0) thrown at [C:\re\workspace\8-2-build-windows-amd64-cygwin\jdk8u131\8869\hotspot\src\share\vm\runtime\reflection.cpp, line 1092]
Event: 17993.182 Thread 0x000000001f474000 Implicit null exception at 0x0000000003d6ca24 to 0x0000000003d75aa5
Event: 18815.943 Thread 0x0000000021eec800 Exception <a 'java/lang/ClassNotFoundException': java/lang/ObjectCustomizer> (0x000000076c180780) thrown at [C:\re\workspace\8-2-build-windows-amd64-cygwin\jdk8u131\8869\hotspot\src\share\vm\classfile\systemDictionary.cpp, line 210]
Event: 18815.944 Thread 0x0000000021eec800 Exception <a 'java/lang/ClassNotFoundException': com/iot/app/iotapp/DataLayer/ReadingCustomizer> (0x000000076c19b888) thrown at [C:\re\workspace\8-2-build-windows-amd64-cygwin\jdk8u131\8869\hotspot\src\share\vm\classfile\systemDictionary.cpp, line 210]
Event: 18815.956 Thread 0x0000000021eec800 Exception <a 'java/lang/reflect/InvocationTargetException'> (0x000000076c267dc0) thrown at [C:\re\workspace\8-2-build-windows-amd64-cygwin\jdk8u131\8869\hotspot\src\share\vm\runtime\reflection.cpp, line 1092]
Event: 19171.131 Thread 0x000000001f478800 Exception <a 'java/lang/reflect/InvocationTargetException'> (0x000000076c5fb9f8) thrown at [C:\re\workspace\8-2-build-windows-amd64-cygwin\jdk8u131\8869\hotspot\src\share\vm\runtime\reflection.cpp, line 1092]
Event: 20025.763 Thread 0x000000001f475000 Exception <a 'java/lang/ClassNotFoundException': java/lang/ObjectCustomizer> (0x00000007741d8a08) thrown at [C:\re\workspace\8-2-build-windows-amd64-cygwin\jdk8u131\8869\hotspot\src\share\vm\classfile\systemDictionary.cpp, line 210]
Event: 20025.764 Thread 0x000000001f475000 Exception <a 'java/lang/ClassNotFoundException': com/iot/app/iotapp/DataLayer/PM25Customizer> (0x00000007741f2940) thrown at [C:\re\workspace\8-2-build-windows-amd64-cygwin\jdk8u131\8869\hotspot\src\share\vm\classfile\systemDictionary.cpp, line 210]
Event: 20118.812 Thread 0x0000000024029000 Exception <a 'java/lang/InterruptedException': sleep interrupted> (0x000000076c48a568) thrown at [C:\re\workspace\8-2-build-windows-amd64-cygwin\jdk8u131\8869\hotspot\src\share\vm\prims\jvm.cpp, line 3228]
Event: 20118.863 Thread 0x0000000024029800 Exception <a 'java/lang/InterruptedException': sleep interrupted> (0x0000000774c35050) thrown at [C:\re\workspace\8-2-build-windows-amd64-cygwin\jdk8u131\8869\hotspot\src\share\vm\prims\jvm.cpp, line 3228]

Events (10 events):
Event: 20118.863 Executing VM operation: RevokeBias
Event: 20118.863 Executing VM operation: RevokeBias done
Event: 20118.863 Executing VM operation: RevokeBias
Event: 20118.863 Executing VM operation: RevokeBias done
Event: 20118.863 Executing VM operation: RevokeBias
Event: 20118.863 Executing VM operation: RevokeBias done
Event: 20118.863 Executing VM operation: RevokeBias
Event: 20118.863 Executing VM operation: RevokeBias done
Event: 20118.863 Thread 0x0000000024029800 Thread exited: 0x0000000024029800
Event: 20118.864 Executing VM operation: ParallelGCSystemGC


Dynamic libraries:
0x000000013f6b0000 - 0x000000013f6e7000 	C:\laragon-java\bin\java\jdk-8u131-windows-x64\jre\bin\java.exe
0x0000000076d60000 - 0x0000000076f09000 	C:\Windows\SYSTEM32\ntdll.dll
0x0000000076c40000 - 0x0000000076d5f000 	C:\Windows\system32\kernel32.dll
0x000007fefcd60000 - 0x000007fefcdcb000 	C:\Windows\system32\KERNELBASE.dll
0x000007fefef90000 - 0x000007feff06b000 	C:\Windows\system32\ADVAPI32.dll
0x000007fefee80000 - 0x000007fefef1f000 	C:\Windows\system32\msvcrt.dll
0x000007fefd820000 - 0x000007fefd83f000 	C:\Windows\SYSTEM32\sechost.dll
0x000007fefd180000 - 0x000007fefd2ad000 	C:\Windows\system32\RPCRT4.dll
0x0000000076b40000 - 0x0000000076c3a000 	C:\Windows\system32\USER32.dll
0x000007fefef20000 - 0x000007fefef87000 	C:\Windows\system32\GDI32.dll
0x000007fefd2d0000 - 0x000007fefd2de000 	C:\Windows\system32\LPK.dll
0x000007fefd080000 - 0x000007fefd149000 	C:\Windows\system32\USP10.dll
0x000007fefb2f0000 - 0x000007fefb4e4000 	C:\Windows\WinSxS\amd64_microsoft.windows.common-controls_6595b64144ccf1df_6.0.7601.17514_none_fa396087175ac9ac\COMCTL32.dll
0x000007fefd620000 - 0x000007fefd691000 	C:\Windows\system32\SHLWAPI.dll
0x000007fefd150000 - 0x000007fefd17e000 	C:\Windows\system32\IMM32.DLL
0x000007fefd510000 - 0x000007fefd619000 	C:\Windows\system32\MSCTF.dll
0x0000000069720000 - 0x00000000697f2000 	C:\laragon-java\bin\java\jdk-8u131-windows-x64\jre\bin\msvcr100.dll
0x000000005edb0000 - 0x000000005f64c000 	C:\laragon-java\bin\java\jdk-8u131-windows-x64\jre\bin\server\jvm.dll
0x000007fef40a0000 - 0x000007fef40a9000 	C:\Windows\system32\WSOCK32.dll
0x000007fefe5d0000 - 0x000007fefe61d000 	C:\Windows\system32\WS2_32.dll
0x000007fefd460000 - 0x000007fefd468000 	C:\Windows\system32\NSI.dll
0x000007fefa4c0000 - 0x000007fefa4fb000 	C:\Windows\system32\WINMM.dll
0x000007fefbc50000 - 0x000007fefbc5c000 	C:\Windows\system32\VERSION.dll
0x0000000076f20000 - 0x0000000076f27000 	C:\Windows\system32\PSAPI.DLL
0x0000000069cb0000 - 0x0000000069cbf000 	C:\laragon-java\bin\java\jdk-8u131-windows-x64\jre\bin\verify.dll
0x0000000069c80000 - 0x0000000069ca9000 	C:\laragon-java\bin\java\jdk-8u131-windows-x64\jre\bin\java.dll
0x0000000069c60000 - 0x0000000069c76000 	C:\laragon-java\bin\java\jdk-8u131-windows-x64\jre\bin\zip.dll
0x000007fefd840000 - 0x000007fefe5c8000 	C:\Windows\system32\SHELL32.dll
0x000007fefe990000 - 0x000007fefeb93000 	C:\Windows\system32\ole32.dll
0x000007fefccb0000 - 0x000007fefccbf000 	C:\Windows\system32\profapi.dll
0x00000000696f0000 - 0x00000000696fd000 	C:\laragon-java\bin\java\jdk-8u131-windows-x64\jre\bin\management.dll
0x0000000069c40000 - 0x0000000069c5a000 	C:\laragon-java\bin\java\jdk-8u131-windows-x64\jre\bin\net.dll
0x000007fefc4e0000 - 0x000007fefc535000 	C:\Windows\system32\mswsock.dll
0x000007fefc4d0000 - 0x000007fefc4d7000 	C:\Windows\System32\wship6.dll
0x000007fefadf0000 - 0x000007fefae05000 	C:\Windows\system32\NLAapi.dll
0x000007fef8c50000 - 0x000007fef8c65000 	C:\Windows\system32\napinsp.dll
0x000007fef8c30000 - 0x000007fef8c49000 	C:\Windows\system32\pnrpnsp.dll
0x0000000070350000 - 0x0000000070385000 	C:\Program Files\Bonjour\mdnsNSP.dll
0x000007fefa880000 - 0x000007fefa8a7000 	C:\Windows\system32\Iphlpapi.DLL
0x000007fefa860000 - 0x000007fefa86b000 	C:\Windows\system32\WINNSI.DLL
0x000007fefc360000 - 0x000007fefc3bb000 	C:\Windows\system32\DNSAPI.dll
0x000007fef8c20000 - 0x000007fef8c2b000 	C:\Windows\System32\winrnr.dll
0x000007fefbd20000 - 0x000007fefbd27000 	C:\Windows\System32\wshtcpip.dll
0x000007fef8f10000 - 0x000007fef8f18000 	C:\Windows\system32\rasadhlp.dll
0x000007fefa5e0000 - 0x000007fefa633000 	C:\Windows\System32\fwpuclnt.dll
0x0000000069700000 - 0x0000000069711000 	C:\laragon-java\bin\java\jdk-8u131-windows-x64\jre\bin\nio.dll
0x000007fefc540000 - 0x000007fefc557000 	C:\Windows\system32\CRYPTSP.dll
0x000007fefc240000 - 0x000007fefc287000 	C:\Windows\system32\rsaenh.dll
0x000007fefbe40000 - 0x000007fefbe5e000 	C:\Windows\system32\USERENV.dll
0x000007fefcba0000 - 0x000007fefcbaf000 	C:\Windows\system32\CRYPTBASE.dll
0x000007fefa540000 - 0x000007fefa551000 	C:\Windows\system32\dhcpcsvc6.DLL
0x000007fefa520000 - 0x000007fefa538000 	C:\Windows\system32\dhcpcsvc.DLL
0x000007fee72f0000 - 0x000007fee7415000 	C:\Windows\system32\dbghelp.dll

VM Arguments:
java_command: com.iot.app.iotapp.IotAppApplication
java_class_path (initial): C:\laragon\www\iot\iot-java-backend\target\classes;C:\Users\adams\.m2\repository\org\springframework\boot\spring-boot-starter-data-jpa\2.0.5.RELEASE\spring-boot-starter-data-jpa-2.0.5.RELEASE.jar;C:\Users\adams\.m2\repository\org\springframework\boot\spring-boot-starter\2.0.5.RELEASE\spring-boot-starter-2.0.5.RELEASE.jar;C:\Users\adams\.m2\repository\org\springframework\boot\spring-boot-starter-logging\2.0.5.RELEASE\spring-boot-starter-logging-2.0.5.RELEASE.jar;C:\Users\adams\.m2\repository\ch\qos\logback\logback-classic\1.2.3\logback-classic-1.2.3.jar;C:\Users\adams\.m2\repository\ch\qos\logback\logback-core\1.2.3\logback-core-1.2.3.jar;C:\Users\adams\.m2\repository\org\apache\logging\log4j\log4j-to-slf4j\2.10.0\log4j-to-slf4j-2.10.0.jar;C:\Users\adams\.m2\repository\org\apache\logging\log4j\log4j-api\2.10.0\log4j-api-2.10.0.jar;C:\Users\adams\.m2\repository\org\slf4j\jul-to-slf4j\1.7.25\jul-to-slf4j-1.7.25.jar;C:\Users\adams\.m2\repository\javax\annotation\javax.annotation-api\1.3.2\javax.annotation-api-1.3.2.jar;C:\Users\adams\.m2\repository\org\yaml\snakeyaml\1.19\snakeyaml-1.19.jar;C:\Users\adams\.m2\repository\org\springframework\boot\spring-boot-starter-aop\2.0.5.RELEASE\spring-boot-starter-aop-2.0.5.RELEASE.jar;C:\Users\adams\.m2\repository\org\springframework\spring-aop\5.0.9.RELEASE\spring-aop-5.0.9.RELEASE.jar;C:\Users\adams\.m2\repository\org\aspectj\aspectjweaver\1.8.13\aspectjweaver-1.8.13.jar;C:\Users\adams\.m2\repository\org\springframework\boot\spring-boot-starter-jdbc\2.0.5.RELEASE\spring-boot-starter-jdbc-2.0.5.RELEASE.jar;C:\Users\adams\.m2\repository\com\zaxxer\HikariCP\2.7.9\HikariCP-2.7.9.jar;C:\Users\adams\.m2\repository\org\springframework\spring-jdbc\5.0.9.RELEASE\spring-jdbc-5.0.9.RELEASE.jar;C:\Users\adams\.m2\repository\javax\transaction\javax.transaction-api\1.2\javax.transaction-api-1.2.jar;C:\Users\adams\.m2\repository\org\hibernate\hibernate-core\5.2.17.Final\hibernate-core-5.2.17.Final.jar;C:\Users\adams
Launcher Type: SUN_STANDARD

Environment Variables:
JAVA_HOME=C:\laragon-java\bin\java\jdk-8u131-windows-x64
CLASSPATH=.;
PATH=C:\Users\adams\AppData\Local\Yarn\config\global\node_modules\.bin;C:\Users\adams\AppData\Roaming\npm;C:\Users\adams\AppData\Roaming\Composer\vendor\bin;C:\laragon-java\bin\java\jdk-8u131-windows-x64\\bin;C:\laragon-java\bin\maven\bin;C:\laragon-java\bin\spring\bin;C:\laragon-java\bin\laragon\utils;C:\laragon-java\bin\postgresql\postgresql-9.6.2-x64\bin;C:\laragon-java\bin\notepad++;C:\laragon-java\bin\telnet;C:\laragon-java\bin\git\bin;C:\laragon-java\bin\git\cmd;C:\laragon-java\bin\git\usr\bin;C:\laragon-java\bin\git\mingw64\bin;C:\laragon-java\bin;C:\laragon-java\usr\bin;C:\laragon-java\bin\cmder\bin;C:\app\adams\virtual\product\12.2.0\dbhome_1\bin;C:\ProgramData\Oracle\Java\javapath;C:\Windows\system32;C:\Windows;C:\Windows\System32\Wbem;C:\Windows\System32\WindowsPowerShell\v1.0\;C:\Program Files (x86)\Intel\OpenCL SDK\2.0\bin\x86;C:\Program Files (x86)\Intel\OpenCL SDK\2.0\bin\x64;C:\Program Files\nodejs\;C:\Program Files\TortoiseSVN\bin;C:\laragon\bin\php\php-7.1.20-Win32-VC14-x64;C:\ProgramData\ComposerSetup\bin;C:\Program Files (x86)\Yarn\bin;C:\Program Files\Java\jdk1.8.0_121\bin;C:\Program Files\PuTTY\;C:\Program Files\apache-maven-3.5.2\bin;C:\Program Files\dotnet\;C:\Program Files\Microsoft SQL Server\130\Tools\Binn\;;;C:\ProgramData\chocolatey\bin;C:\Program Files\Java\jdk1.8.0_181\bin;C:\Android\android-sdk\tools;C:\Android\android-sdk\platform-tools;C:\Android\android-sdk\tools\bin;;C:\Users\adams\AppData\Local\Programs\Microsoft VS Code\bin;C:\laragon-java\bin\cmder\;
USERNAME=adams
OS=Windows_NT
PROCESSOR_IDENTIFIER=Intel64 Family 6 Model 58 Stepping 9, GenuineIntel



---------------  S Y S T E M  ---------------

OS: Windows 7 , 64 bit Build 7601 (6.1.7601.18015)

CPU:total 4 (initial active 4) (4 cores per cpu, 1 threads per core) family 6 model 58 stepping 9, cmov, cx8, fxsr, mmx, sse, sse2, sse3, ssse3, sse4.1, sse4.2, popcnt, avx, aes, clmul, erms, tsc, tscinvbit, tscinv

Memory: 4k page, physical 16649160k(3169692k free), swap 33296456k(17692676k free)

vm_info: Java HotSpot(TM) 64-Bit Server VM (25.131-b11) for windows-amd64 JRE (1.8.0_131-b11), built on Mar 15 2017 01:23:53 by "java_re" with MS VC++ 10.0 (VS2010)

time: Tue Sep 25 17:00:55 2018
elapsed time: 20119 seconds (0d 5h 35m 19s)

